TN:
SF:E:\cv_UserTemp\quick-webpack-bundle-analyzer-test-repo\src\App\App.tsx
FN:11,(anonymous_6)
FN:14,(anonymous_8)
FN:18,(anonymous_9)
FN:23,(anonymous_10)
FN:29,(anonymous_11)
FNF:5
FNH:4
FNDA:3,(anonymous_6)
FNDA:2,(anonymous_8)
FNDA:2,(anonymous_9)
FNDA:0,(anonymous_10)
FNDA:2,(anonymous_11)
DA:1,1
DA:2,1
DA:3,1
DA:4,1
DA:6,1
DA:7,1
DA:8,1
DA:9,1
DA:11,1
DA:14,1
DA:15,2
DA:16,2
DA:18,2
DA:19,2
DA:23,1
DA:24,0
DA:25,0
DA:29,1
DA:30,2
DA:42,1
LF:20
LH:18
BRDA:24,0,0,0
BRDA:24,0,1,0
BRF:2
BRH:0
end_of_record
TN:
SF:E:\cv_UserTemp\quick-webpack-bundle-analyzer-test-repo\src\App\SampleJsxImport.jsx
FN:4,(anonymous_0)
FNF:1
FNH:1
FNDA:1,(anonymous_0)
DA:5,1
LF:1
LH:1
BRF:0
BRH:0
end_of_record
TN:
SF:E:\cv_UserTemp\quick-webpack-bundle-analyzer-test-repo\src\App\sample-js-import.js
FN:1,(anonymous_0)
FNF:1
FNH:1
FNDA:3,(anonymous_0)
DA:2,3
DA:3,3
LF:2
LH:2
BRF:0
BRH:0
end_of_record
TN:
SF:E:\cv_UserTemp\quick-webpack-bundle-analyzer-test-repo\src\App\sample-ts-import.ts
FN:1,(anonymous_0)
FNF:1
FNH:1
FNDA:3,(anonymous_0)
DA:1,1
DA:2,3
DA:3,3
LF:3
LH:3
BRF:0
BRH:0
end_of_record
TN:
SF:E:\cv_UserTemp\quick-webpack-bundle-analyzer-test-repo\src\App\subscribeToDocumentInactive.ts
FN:1,(anonymous_0)
FN:5,(anonymous_1)
FN:12,unsubscribeFromDocumentHiddenEvent
FNF:3
FNH:1
FNDA:2,(anonymous_0)
FNDA:0,(anonymous_1)
FNDA:0,unsubscribeFromDocumentHiddenEvent
DA:1,1
DA:3,2
DA:5,2
DA:7,0
DA:10,2
DA:12,2
DA:13,0
LF:7
LH:5
BRF:0
BRH:0
end_of_record
TN:
SF:E:\cv_UserTemp\quick-webpack-bundle-analyzer-test-repo\src\App\components\DefaultPadding.tsx
FNF:0
FNH:0
DA:2,1
DA:4,1
LF:2
LH:2
BRDA:4,0,0,1
BRDA:4,0,1,1
BRF:2
BRH:2
end_of_record
TN:
SF:E:\cv_UserTemp\quick-webpack-bundle-analyzer-test-repo\src\App\components\Menu.tsx
FN:23,(anonymous_1)
FNF:1
FNH:1
FNDA:1,(anonymous_1)
DA:1,1
DA:2,1
DA:3,1
DA:5,1
DA:11,1
DA:23,1
LF:6
LH:6
BRDA:5,0,0,1
BRDA:5,0,1,1
BRDA:11,1,0,1
BRDA:11,1,1,1
BRF:4
BRH:4
end_of_record
TN:
SF:E:\cv_UserTemp\quick-webpack-bundle-analyzer-test-repo\src\App\components\Widget.tsx
FN:10,(anonymous_1)
FNF:1
FNH:1
FNDA:1,(anonymous_1)
DA:1,1
DA:2,1
DA:3,1
DA:5,1
DA:10,1
LF:5
LH:5
BRDA:5,0,0,1
BRDA:5,0,1,1
BRF:2
BRH:2
end_of_record
